This file contains any messages produced by compilers while
running configure, to aid debugging if configure makes a mistake.

It was created by configure, which was
generated by GNU Autoconf 2.59.  Invocation command line was

  $ ./configure 

## --------- ##
## Platform. ##
## --------- ##

hostname = schlepptop
uname -m = i686
uname -r = 2.6.11.7
uname -s = Linux
uname -v = #2 Wed May 11 20:05:05 CEST 2005

/usr/bin/uname -p = unknown
/bin/uname -X     = unknown

/bin/arch              = i686
/usr/bin/arch -k       = unknown
/usr/convex/getsysinfo = unknown
hostinfo               = unknown
/bin/machine           = unknown
/usr/bin/oslevel       = unknown
/bin/universe          = unknown

PATH: /sbin
PATH: /usr/sbin
PATH: /bin
PATH: /usr/bin
PATH: /usr/local/bin
PATH: /usr/bin
PATH: /bin
PATH: /usr/bin/X11
PATH: /usr/games


## ----------- ##
## Core tests. ##
## ----------- ##

configure:1287: checking build system type
configure:1305: result: i686-pc-linux-gnu
configure:1313: checking host system type
configure:1327: result: i686-pc-linux-gnu
configure:1335: checking target system type
configure:1349: result: i686-pc-linux-gnu
configure:1377: checking for a BSD-compatible install
configure:1432: result: /usr/bin/install -c
configure:1443: checking whether build environment is sane
configure:1486: result: yes
configure:1501: checking whether make sets $(MAKE)
configure:1521: result: yes
configure:1553: checking for working aclocal-1.4
configure:1560: result: found
configure:1568: checking for working autoconf
configure:1575: result: found
configure:1583: checking for working automake-1.4
configure:1590: result: found
configure:1598: checking for working autoheader
configure:1605: result: found
configure:1613: checking for working makeinfo
configure:1620: result: found
configure:1629: checking whether to enable maintainer-specific portions of Makefiles
configure:1638: result: no
configure:1666: checking for a BSD-compatible install
configure:1721: result: /usr/bin/install -c
configure:1735: checking for pkg-config
configure:1753: found /usr/bin/pkg-config
configure:1766: result: /usr/bin/pkg-config
configure:1781: checking for csc
configure:1812: result: no
configure:1821: checking for mcs
configure:1839: found /usr/bin/mcs
configure:1852: result: /usr/bin/mcs
configure:1965: checking pkg-config is at least version 0.9.0
configure:1968: result: yes
configure:1979: checking for GTKSHARP_CFLAGS
configure:1996: result:  
configure:1998: checking for GTKSHARP_LIBS
configure:2015: result: -r:/usr/lib/mono/gtk-sharp/glib-sharp.dll -r:/usr/lib/mono/gtk-sharp/pango-sharp.dll -r:/usr/lib/mono/gtk-sharp/atk-sharp.dll -r:/usr/lib/mono/gtk-sharp/gdk-sharp.dll -r:/usr/lib/mono/gtk-sharp/gtk-sharp.dll  
configure:2195: creating ./config.status

## ---------------------- ##
## Running config.status. ##
## ---------------------- ##

This file was extended by config.status, which was
generated by GNU Autoconf 2.59.  Invocation command line was

  CONFIG_FILES    = 
  CONFIG_HEADERS  = 
  CONFIG_LINKS    = 
  CONFIG_COMMANDS = 
  $ ./config.status 

on schlepptop

config.status:705: creating Makefile
config.status:705: creating src/Makefile
config.status:705: creating src/dll.GotDotNet.daab.3/Makefile
config.status:705: creating src/dll.GotDotNet.daab.3/AssemblyInfo.cs
config.status:705: creating src/CocktailZilla/Makefile
config.status:705: creating src/CocktailZilla/AssemblyInfo.cs

## ---------------- ##
## Cache variables. ##
## ---------------- ##

ac_cv_build=i686-pc-linux-gnu
ac_cv_build_alias=i686-pc-linux-gnu
ac_cv_env_GTKSHARP_CFLAGS_set=
ac_cv_env_GTKSHARP_CFLAGS_value=
ac_cv_env_GTKSHARP_LIBS_set=
ac_cv_env_GTKSHARP_LIBS_value=
ac_cv_env_PKG_CONFIG_set=
ac_cv_env_PKG_CONFIG_value=
ac_cv_env_build_alias_set=
ac_cv_env_build_alias_value=
ac_cv_env_host_alias_set=
ac_cv_env_host_alias_value=
ac_cv_env_target_alias_set=
ac_cv_env_target_alias_value=
ac_cv_host=i686-pc-linux-gnu
ac_cv_host_alias=i686-pc-linux-gnu
ac_cv_path_CSC=no
ac_cv_path_MCS=/usr/bin/mcs
ac_cv_path_PKG_CONFIG=/usr/bin/pkg-config
ac_cv_path_install='/usr/bin/install -c'
ac_cv_prog_make_make_set=yes
ac_cv_target=i686-pc-linux-gnu
ac_cv_target_alias=i686-pc-linux-gnu
pkg_cv_GTKSHARP_CFLAGS=' '
pkg_cv_GTKSHARP_LIBS='-r:/usr/lib/mono/gtk-sharp/glib-sharp.dll -r:/usr/lib/mono/gtk-sharp/pango-sharp.dll -r:/usr/lib/mono/gtk-sharp/atk-sharp.dll -r:/usr/lib/mono/gtk-sharp/gdk-sharp.dll -r:/usr/lib/mono/gtk-sharp/gtk-sharp.dll  '

## ----------------- ##
## Output variables. ##
## ----------------- ##

ACLOCAL='aclocal-1.4'
AUTOCONF='autoconf'
AUTOHEADER='autoheader'
AUTOMAKE='automake-1.4'
CSC='no'
DEFS='-DPACKAGE_NAME=\"\" -DPACKAGE_TARNAME=\"\" -DPACKAGE_VERSION=\"\" -DPACKAGE_STRING=\"\" -DPACKAGE_BUGREPORT=\"\" -DPACKAGE=\"uiplinux\" -DVERSION=\"1.0.0.0\" '
ECHO_C=''
ECHO_N='-n'
ECHO_T=''
GTKSHARP_CFLAGS=' '
GTKSHARP_LIBS='-r:/usr/lib/mono/gtk-sharp/glib-sharp.dll -r:/usr/lib/mono/gtk-sharp/pango-sharp.dll -r:/usr/lib/mono/gtk-sharp/atk-sharp.dll -r:/usr/lib/mono/gtk-sharp/gdk-sharp.dll -r:/usr/lib/mono/gtk-sharp/gtk-sharp.dll  '
INSTALL_DATA='${INSTALL} -m 644'
INSTALL_PROGRAM='${INSTALL}'
INSTALL_SCRIPT='${INSTALL}'
LIBOBJS=''
LIBS=''
LTLIBOBJS=''
MAINT='#'
MAINTAINER_MODE_FALSE=''
MAINTAINER_MODE_TRUE='#'
MAKEINFO='makeinfo'
MCS='/usr/bin/mcs'
PACKAGE='uiplinux'
PACKAGE_BUGREPORT=''
PACKAGE_NAME=''
PACKAGE_STRING=''
PACKAGE_TARNAME=''
PACKAGE_VERSION=''
PATH_SEPARATOR=':'
PKG_CONFIG='/usr/bin/pkg-config'
SET_MAKE=''
SHELL='/bin/sh'
VERSION='1.0.0.0'
ac_pt_PKG_CONFIG=''
bindir='${exec_prefix}/bin'
build='i686-pc-linux-gnu'
build_alias=''
build_cpu='i686'
build_os='linux-gnu'
build_vendor='pc'
datadir='${prefix}/share'
exec_prefix='${prefix}'
host='i686-pc-linux-gnu'
host_alias=''
host_cpu='i686'
host_os='linux-gnu'
host_vendor='pc'
includedir='${prefix}/include'
infodir='${prefix}/info'
libdir='${exec_prefix}/lib'
libexecdir='${exec_prefix}/libexec'
localstatedir='${prefix}/var'
mandir='${prefix}/man'
oldincludedir='/usr/include'
prefix='/usr/local'
program_transform_name='s,x,x,'
sbindir='${exec_prefix}/sbin'
sharedstatedir='${prefix}/com'
sysconfdir='${prefix}/etc'
target='i686-pc-linux-gnu'
target_alias=''
target_cpu='i686'
target_os='linux-gnu'
target_vendor='pc'

## ----------- ##
## confdefs.h. ##
## ----------- ##

#define PACKAGE "uiplinux"
#define PACKAGE_BUGREPORT ""
#define PACKAGE_NAME ""
#define PACKAGE_STRING ""
#define PACKAGE_TARNAME ""
#define PACKAGE_VERSION ""
#define VERSION "1.0.0.0"

configure: exit 0
